<?xml version="1.0" encoding="UTF-8"?>
<!-- Generated by org.testng.reporters.JUnitXMLReporter -->
<testsuite ignored="1" hostname="Sais-MacBook-Air.local" failures="0" tests="2" name="Test" time="90.545" errors="0" timestamp="2023-06-18T01:58:20 IST">
  <testcase classname="com.orangehrm.sanity.Sanity_002_Create_User" name="test" time="74.301"/>
  <testcase classname="com.orangehrm.sanity.Sanity_001_Create_User" name="test" time="75.623"/>
  <testcase classname="common.SeleniumTest" name="@BeforeSuite suiteExecutionSetUp" time="0.0">
    <ignored/>
  </testcase> <!-- @BeforeSuite suiteExecutionSetUp -->
</testsuite> <!-- Test -->
