<?xml version="1.0" encoding="UTF-8"?>
<testng-results ignored="1" total="3" passed="2" failed="0" skipped="0">
  <reporter-output>
    <line>
      <![CDATA[Deleted the folder]]>
    </line>
    <line>
      <![CDATA[Login Page is present]]>
    </line>
    <line>
      <![CDATA[Login Page is present]]>
    </line>
    <line>
      <![CDATA[The value is filled in the textbox :Username]]>
    </line>
    <line>
      <![CDATA[The value is filled in the textbox :Username]]>
    </line>
    <line>
      <![CDATA[The value is filled in the textbox :Password]]>
    </line>
    <line>
      <![CDATA[The value is filled in the textbox :Password]]>
    </line>
    <line>
      <![CDATA[Login Button is clicked]]>
    </line>
    <line>
      <![CDATA[Login Button is clicked]]>
    </line>
    <line>
      <![CDATA[Side Panel is present]]>
    </line>
    <line>
      <![CDATA[Side Panel is present]]>
    </line>
    <line>
      <![CDATA[The side panel tabs is visible]]>
    </line>
    <line>
      <![CDATA[The side panel tabs is visible]]>
    </line>
    <line>
      <![CDATA[PIM is clicked]]>
    </line>
    <line>
      <![CDATA[PIM is clicked]]>
    </line>
    <line>
      <![CDATA[Sub tabs is visible]]>
    </line>
    <line>
      <![CDATA[Sub tabs is visible]]>
    </line>
    <line>
      <![CDATA[Employee List is clicked]]>
    </line>
    <line>
      <![CDATA[The employee list tab is present]]>
    </line>
    <line>
      <![CDATA[Employee List is clicked]]>
    </line>
    <line>
      <![CDATA[The employee list tab is present]]>
    </line>
    <line>
      <![CDATA[Add button is clicked]]>
    </line>
    <line>
      <![CDATA[The spinner is invisible]]>
    </line>
    <line>
      <![CDATA[The Add employee tab is present]]>
    </line>
    <line>
      <![CDATA[Add button is clicked]]>
    </line>
    <line>
      <![CDATA[The spinner is invisible]]>
    </line>
    <line>
      <![CDATA[The Add employee tab is present]]>
    </line>
    <line>
      <![CDATA[The value is filled in the textbox :Firstname]]>
    </line>
    <line>
      <![CDATA[The value is filled in the textbox :Lastname]]>
    </line>
    <line>
      <![CDATA[The value is filled in the textbox :Firstname]]>
    </line>
    <line>
      <![CDATA[The value is filled in the textbox :Lastname]]>
    </line>
    <line>
      <![CDATA[Enter login details Toggle button is clicked]]>
    </line>
    <line>
      <![CDATA[Username is present]]>
    </line>
    <line>
      <![CDATA[Enter login details Toggle button is clicked]]>
    </line>
    <line>
      <![CDATA[Username is present]]>
    </line>
    <line>
      <![CDATA[The value is filled in the textbox :Username]]>
    </line>
    <line>
      <![CDATA[The value is filled in the textbox :Password]]>
    </line>
    <line>
      <![CDATA[The value is filled in the textbox :Username]]>
    </line>
    <line>
      <![CDATA[The value is filled in the textbox :Confirm password]]>
    </line>
    <line>
      <![CDATA[The value is filled in the textbox :Password]]>
    </line>
    <line>
      <![CDATA[Save button is clicked]]>
    </line>
    <line>
      <![CDATA[The spinner is invisible]]>
    </line>
    <line>
      <![CDATA[The value is filled in the textbox :Confirm password]]>
    </line>
    <line>
      <![CDATA[The side panel tabs is visible]]>
    </line>
    <line>
      <![CDATA[Save button is clicked]]>
    </line>
    <line>
      <![CDATA[The spinner is invisible]]>
    </line>
    <line>
      <![CDATA[The side panel tabs is visible]]>
    </line>
    <line>
      <![CDATA[Admin is clicked]]>
    </line>
    <line>
      <![CDATA[Admin is clicked]]>
    </line>
    <line>
      <![CDATA[User Management is present]]>
    </line>
    <line>
      <![CDATA[User Management is present]]>
    </line>
    <line>
      <![CDATA[The value is filled in the textbox :Username]]>
    </line>
    <line>
      <![CDATA[Search button is clicked]]>
    </line>
    <line>
      <![CDATA[The value is filled in the textbox :Username]]>
    </line>
    <line>
      <![CDATA[The spinner is invisible]]>
    </line>
    <line>
      <![CDATA[User search results is visible]]>
    </line>
    <line>
      <![CDATA[Search button is clicked]]>
    </line>
    <line>
      <![CDATA[The desired user is present in the result]]>
    </line>
    <line>
      <![CDATA[The spinner is invisible]]>
    </line>
    <line>
      <![CDATA[User search results is visible]]>
    </line>
    <line>
      <![CDATA[The desired user is present in the result]]>
    </line>
  </reporter-output>
  <suite started-at="2023-06-18T01:56:49 IST" name="Suite" finished-at="2023-06-18T01:58:20 IST" duration-ms="90545">
    <groups>
    </groups>
    <test started-at="2023-06-18T01:56:49 IST" name="Test" finished-at="2023-06-18T01:58:20 IST" duration-ms="90545">
      <class name="com.orangehrm.sanity.Sanity_001_Create_User">
        <test-method is-config="true" signature="suiteExecutionSetUp()[pri:0, instance:com.orangehrm.sanity.Sanity_001_Create_User@7103cb56]" started-at="2023-06-18T01:56:49 IST" name="suiteExecutionSetUp" finished-at="2023-06-18T01:56:49 IST" duration-ms="50" status="PASS">
          <reporter-output>
            <line>
              <![CDATA[Deleted the folder]]>
            </line>
          </reporter-output>
        </test-method> <!-- suiteExecutionSetUp -->
        <test-method is-config="true" signature="setUp()[pri:0, instance:com.orangehrm.sanity.Sanity_001_Create_User@7103cb56]" started-at="2023-06-18T01:56:49 IST" name="setUp" finished-at="2023-06-18T01:57:04 IST" duration-ms="14697" status="PASS">
          <reporter-output>
          </reporter-output>
        </test-method> <!-- setUp -->
        <test-method signature="test()[pri:0, instance:com.orangehrm.sanity.Sanity_001_Create_User@7103cb56]" started-at="2023-06-18T01:57:04 IST" name="test" finished-at="2023-06-18T01:58:19 IST" duration-ms="75623" status="PASS">
          <reporter-output>
            <line>
              <![CDATA[Login Page is present]]>
            </line>
            <line>
              <![CDATA[The value is filled in the textbox :Username]]>
            </line>
            <line>
              <![CDATA[The value is filled in the textbox :Password]]>
            </line>
            <line>
              <![CDATA[Login Button is clicked]]>
            </line>
            <line>
              <![CDATA[Side Panel is present]]>
            </line>
            <line>
              <![CDATA[The side panel tabs is visible]]>
            </line>
            <line>
              <![CDATA[PIM is clicked]]>
            </line>
            <line>
              <![CDATA[Sub tabs is visible]]>
            </line>
            <line>
              <![CDATA[Employee List is clicked]]>
            </line>
            <line>
              <![CDATA[The employee list tab is present]]>
            </line>
            <line>
              <![CDATA[Add button is clicked]]>
            </line>
            <line>
              <![CDATA[The spinner is invisible]]>
            </line>
            <line>
              <![CDATA[The Add employee tab is present]]>
            </line>
            <line>
              <![CDATA[The value is filled in the textbox :Firstname]]>
            </line>
            <line>
              <![CDATA[The value is filled in the textbox :Lastname]]>
            </line>
            <line>
              <![CDATA[Enter login details Toggle button is clicked]]>
            </line>
            <line>
              <![CDATA[Username is present]]>
            </line>
            <line>
              <![CDATA[The value is filled in the textbox :Username]]>
            </line>
            <line>
              <![CDATA[The value is filled in the textbox :Password]]>
            </line>
            <line>
              <![CDATA[The value is filled in the textbox :Confirm password]]>
            </line>
            <line>
              <![CDATA[Save button is clicked]]>
            </line>
            <line>
              <![CDATA[The spinner is invisible]]>
            </line>
            <line>
              <![CDATA[The side panel tabs is visible]]>
            </line>
            <line>
              <![CDATA[Admin is clicked]]>
            </line>
            <line>
              <![CDATA[User Management is present]]>
            </line>
            <line>
              <![CDATA[The value is filled in the textbox :Username]]>
            </line>
            <line>
              <![CDATA[Search button is clicked]]>
            </line>
            <line>
              <![CDATA[The spinner is invisible]]>
            </line>
            <line>
              <![CDATA[User search results is visible]]>
            </line>
            <line>
              <![CDATA[The desired user is present in the result]]>
            </line>
          </reporter-output>
        </test-method> <!-- test -->
        <test-method is-config="true" signature="tearDown()[pri:0, instance:com.orangehrm.sanity.Sanity_001_Create_User@7103cb56]" started-at="2023-06-18T01:58:19 IST" name="tearDown" finished-at="2023-06-18T01:58:20 IST" duration-ms="195" status="PASS">
          <reporter-output>
          </reporter-output>
        </test-method> <!-- tearDown -->
      </class> <!-- com.orangehrm.sanity.Sanity_001_Create_User -->
      <class name="com.orangehrm.sanity.Sanity_002_Create_User">
        <test-method is-config="true" signature="setUp()[pri:0, instance:com.orangehrm.sanity.Sanity_002_Create_User@5f6722d3]" started-at="2023-06-18T01:56:49 IST" name="setUp" finished-at="2023-06-18T01:57:04 IST" duration-ms="14680" status="PASS">
          <reporter-output>
          </reporter-output>
        </test-method> <!-- setUp -->
        <test-method signature="test()[pri:0, instance:com.orangehrm.sanity.Sanity_002_Create_User@5f6722d3]" started-at="2023-06-18T01:57:04 IST" name="test" finished-at="2023-06-18T01:58:18 IST" duration-ms="74301" status="PASS">
          <reporter-output>
            <line>
              <![CDATA[Login Page is present]]>
            </line>
            <line>
              <![CDATA[The value is filled in the textbox :Username]]>
            </line>
            <line>
              <![CDATA[The value is filled in the textbox :Password]]>
            </line>
            <line>
              <![CDATA[Login Button is clicked]]>
            </line>
            <line>
              <![CDATA[Side Panel is present]]>
            </line>
            <line>
              <![CDATA[The side panel tabs is visible]]>
            </line>
            <line>
              <![CDATA[PIM is clicked]]>
            </line>
            <line>
              <![CDATA[Sub tabs is visible]]>
            </line>
            <line>
              <![CDATA[Employee List is clicked]]>
            </line>
            <line>
              <![CDATA[The employee list tab is present]]>
            </line>
            <line>
              <![CDATA[Add button is clicked]]>
            </line>
            <line>
              <![CDATA[The spinner is invisible]]>
            </line>
            <line>
              <![CDATA[The Add employee tab is present]]>
            </line>
            <line>
              <![CDATA[The value is filled in the textbox :Firstname]]>
            </line>
            <line>
              <![CDATA[The value is filled in the textbox :Lastname]]>
            </line>
            <line>
              <![CDATA[Enter login details Toggle button is clicked]]>
            </line>
            <line>
              <![CDATA[Username is present]]>
            </line>
            <line>
              <![CDATA[The value is filled in the textbox :Username]]>
            </line>
            <line>
              <![CDATA[The value is filled in the textbox :Password]]>
            </line>
            <line>
              <![CDATA[The value is filled in the textbox :Confirm password]]>
            </line>
            <line>
              <![CDATA[Save button is clicked]]>
            </line>
            <line>
              <![CDATA[The spinner is invisible]]>
            </line>
            <line>
              <![CDATA[The side panel tabs is visible]]>
            </line>
            <line>
              <![CDATA[Admin is clicked]]>
            </line>
            <line>
              <![CDATA[User Management is present]]>
            </line>
            <line>
              <![CDATA[The value is filled in the textbox :Username]]>
            </line>
            <line>
              <![CDATA[Search button is clicked]]>
            </line>
            <line>
              <![CDATA[The spinner is invisible]]>
            </line>
            <line>
              <![CDATA[User search results is visible]]>
            </line>
            <line>
              <![CDATA[The desired user is present in the result]]>
            </line>
          </reporter-output>
        </test-method> <!-- test -->
        <test-method is-config="true" signature="tearDown()[pri:0, instance:com.orangehrm.sanity.Sanity_002_Create_User@5f6722d3]" started-at="2023-06-18T01:58:18 IST" name="tearDown" finished-at="2023-06-18T01:58:19 IST" duration-ms="380" status="PASS">
          <reporter-output>
          </reporter-output>
        </test-method> <!-- tearDown -->
      </class> <!-- com.orangehrm.sanity.Sanity_002_Create_User -->
    </test> <!-- Test -->
  </suite> <!-- Suite -->
</testng-results>
